This is XeTeX, Version 3.141592653-2.6-0.999995 (TeX Live 2023) (preloaded format=xelatex 2024.3.6)  6 MAR 2024 16:27
entering extended mode
 restricted \write18 enabled.
 %&-line parsing enabled.
**main.tex
(./main.tex
LaTeX2e <2023-11-01> patch level 1
L3 programming layer <2024-02-20>

! LaTeX Error: File `statapress.cls' not found.

Type X to quit or <RETURN> to proceed,
or enter new name. (Default extension: cls)

Enter file name: 
! Emergency stop.
<read *> 
         
l.11 \usepackage
                [crop,newcenter,frame]{pagedims}^^M 
Here is how much of TeX's memory you used:
 20 strings out of 476752
 373 string characters out of 5799757
 1917842 words of memory out of 5000000
 22149 multiletter control sequences out of 15000+600000
 558069 words of font info for 36 fonts, out of 8000000 for 9000
 14 hyphenation exceptions out of 8191
 19i,0n,29p,87b,17s stack positions out of 10000i,1000n,20000p,200000b,200000s

No pages of output.
